<?xml version="1.0" encoding="UTF-8"?>
<!-- Generated by org.testng.reporters.JUnitXMLReporter -->
<testsuite ignored="10" hostname="LTIN361868" failures="2" tests="2" name="Test" time="0.367" errors="0" timestamp="2025-11-25T20:07:10 IST">
  <testcase classname="testCases.testCases" name="testCase01" time="0.011">
    <failure type="java.lang.NullPointerException" message="Cannot invoke &amp;quot;pageObjects.pageObjectManager.getHomepage()&amp;quot; because &amp;quot;this.pageObjectManager&amp;quot; is null">
      <![CDATA[java.lang.NullPointerException: Cannot invoke "pageObjects.pageObjectManager.getHomepage()" because "this.pageObjectManager" is null
at testCases.testCases.testCase01(testCases.java:26)
at java.base/java.util.ArrayList.forEach(ArrayList.java:1511)
... Removed 27 stack frames]]>
    </failure>
  </testcase> <!-- testCase01 -->
  <testcase classname="testCases.testCases" name="testCase01" time="0.044">
    <failure type="java.lang.IllegalArgumentException" message="ScreenCapture path must not be null or empty">
      <![CDATA[java.lang.IllegalArgumentException: ScreenCapture path must not be null or empty
at com.aventstack.extentreports.util.Assert.notEmpty(Assert.java:12)
at com.aventstack.extentreports.ExtentTest.addScreenCaptureFromPath(ExtentTest.java:1100)
at com.aventstack.extentreports.ExtentTest.addScreenCaptureFromPath(ExtentTest.java:1108)
at testCases.extentReportManager.onTestFailure(extentReportManager.java:79)
at java.base/java.util.ArrayList.forEach(ArrayList.java:1511)
... Removed 24 stack frames]]>
    </failure>
  </testcase> <!-- testCase01 -->
  <testcase classname="testCases.testCases" name="logout_testCase03" time="0.0">
    <ignored/>
  </testcase> <!-- logout_testCase03 -->
  <testcase classname="testCases.testCases" name="login_testCase10" time="0.0">
    <ignored/>
  </testcase> <!-- login_testCase10 -->
  <testcase classname="testCases.testCases" name="logout_testCase04" time="0.0">
    <ignored/>
  </testcase> <!-- logout_testCase04 -->
  <testcase classname="testCases.testCases" name="logout_testCase01" time="0.0">
    <ignored/>
  </testcase> <!-- logout_testCase01 -->
  <testcase classname="testCases.testCases" name="logout_testCase02" time="0.0">
    <ignored/>
  </testcase> <!-- logout_testCase02 -->
  <testcase classname="testCases.testCases" name="login_testCase02" time="0.0">
    <ignored/>
  </testcase> <!-- login_testCase02 -->
  <testcase classname="testCases.testCases" name="login_testCase01" time="0.0">
    <ignored/>
  </testcase> <!-- login_testCase01 -->
  <testcase classname="testCases.testCases" name="login_testCase06" time="0.0">
    <ignored/>
  </testcase> <!-- login_testCase06 -->
  <testcase classname="testCases.testCases" name="login_testCase16" time="0.0">
    <ignored/>
  </testcase> <!-- login_testCase16 -->
  <testcase classname="testCases.testCases" name="login_testCase05" time="0.0">
    <ignored/>
  </testcase> <!-- login_testCase05 -->
</testsuite> <!-- Test -->
