<?xml version="1.0" encoding="UTF-8"?>
<!-- Generated by org.testng.reporters.JUnitXMLReporter -->
<testsuite ignored="11" hostname="LTIN361868" failures="2" tests="2" name="TutorialNinjaTests" time="0.351" errors="0" timestamp="2025-12-01T14:50:23 IST">
  <testcase classname="testCases.testCases" name="logout_testCase01" time="0.011">
    <failure type="java.lang.NullPointerException" message="Cannot invoke &amp;quot;pageObjects.pageObjectManager.getHomepage()&amp;quot; because &amp;quot;this.pageObjectManager&amp;quot; is null">
      <![CDATA[java.lang.NullPointerException: Cannot invoke "pageObjects.pageObjectManager.getHomepage()" because "this.pageObjectManager" is null
at testCases.testCases.logout_testCase01(testCases.java:181)
at java.base/java.util.ArrayList.forEach(ArrayList.java:1511)
... Removed 27 stack frames]]>
    </failure>
  </testcase> <!-- logout_testCase01 -->
  <testcase classname="testCases.testCases" name="logout_testCase01" time="0.036">
    <failure type="java.lang.IllegalArgumentException" message="ScreenCapture path must not be null or empty">
      <![CDATA[java.lang.IllegalArgumentException: ScreenCapture path must not be null or empty
at com.aventstack.extentreports.util.Assert.notEmpty(Assert.java:12)
at com.aventstack.extentreports.ExtentTest.addScreenCaptureFromPath(ExtentTest.java:1100)
at com.aventstack.extentreports.ExtentTest.addScreenCaptureFromPath(ExtentTest.java:1108)
at testCases.extentReportManager.onTestFailure(extentReportManager.java:86)
at java.base/java.util.ArrayList.forEach(ArrayList.java:1511)
... Removed 24 stack frames]]>
    </failure>
  </testcase> <!-- logout_testCase01 -->
  <testcase classname="testCases.testCases" name="login_testCase06" time="0.0">
    <ignored/>
  </testcase> <!-- login_testCase06 -->
  <testcase classname="testCases.testCases" name="login_testCase01" time="0.0">
    <ignored/>
  </testcase> <!-- login_testCase01 -->
  <testcase classname="testCases.testCases" name="testCase05" time="0.0">
    <ignored/>
  </testcase> <!-- testCase05 -->
  <testcase classname="testCases.testCases" name="testCase04" time="0.0">
    <ignored/>
  </testcase> <!-- testCase04 -->
  <testcase classname="testCases.testCases" name="login_testCase16" time="0.0">
    <ignored/>
  </testcase> <!-- login_testCase16 -->
  <testcase classname="testCases.testCases" name="login_testCase05" time="0.0">
    <ignored/>
  </testcase> <!-- login_testCase05 -->
  <testcase classname="testCases.testCases" name="testCase01" time="0.0">
    <ignored/>
  </testcase> <!-- testCase01 -->
  <testcase classname="testCases.testCases" name="login_testCase10" time="0.0">
    <ignored/>
  </testcase> <!-- login_testCase10 -->
  <testcase classname="testCases.testCases" name="login_testCase02" time="0.0">
    <ignored/>
  </testcase> <!-- login_testCase02 -->
  <testcase classname="testCases.testCases" name="testCase07" time="0.0">
    <ignored/>
  </testcase> <!-- testCase07 -->
  <testcase classname="testCases.testCases" name="testCase06" time="0.0">
    <ignored/>
  </testcase> <!-- testCase06 -->
</testsuite> <!-- TutorialNinjaTests -->
