<?xml version="1.0" encoding="UTF-8"?>
<testng-results ignored="0" total="15" passed="11" failed="4" skipped="0">
  <reporter-output>
  </reporter-output>
  <suite started-at="2026-04-13T12:56:03 IST" name="AutomationSuite" finished-at="2026-04-13T12:57:31 IST" duration-ms="88947">
    <groups>
      <group name="logout">
        <method signature="testCases.logout_testCase01()[pri:0, instance:testCases.testCases@1a75e76a]" name="logout_testCase01" class="testCases.testCases"/>
        <method signature="testCases.logout_testCase02()[pri:0, instance:testCases.testCases@1a75e76a]" name="logout_testCase02" class="testCases.testCases"/>
        <method signature="testCases.logout_testCase03()[pri:0, instance:testCases.testCases@1a75e76a]" name="logout_testCase03" class="testCases.testCases"/>
        <method signature="testCases.logout_testCase04()[pri:0, instance:testCases.testCases@1a75e76a]" name="logout_testCase04" class="testCases.testCases"/>
      </group> <!-- logout -->
      <group name="login">
        <method signature="testCases.login_testCase01()[pri:0, instance:testCases.testCases@1a75e76a]" name="login_testCase01" class="testCases.testCases"/>
        <method signature="testCases.login_testCase02()[pri:0, instance:testCases.testCases@1a75e76a]" name="login_testCase02" class="testCases.testCases"/>
        <method signature="testCases.login_testCase05()[pri:0, instance:testCases.testCases@1a75e76a]" name="login_testCase05" class="testCases.testCases"/>
        <method signature="testCases.login_testCase06()[pri:0, instance:testCases.testCases@1a75e76a]" name="login_testCase06" class="testCases.testCases"/>
        <method signature="testCases.login_testCase10()[pri:0, instance:testCases.testCases@1a75e76a]" name="login_testCase10" class="testCases.testCases"/>
        <method signature="testCases.login_testCase16()[pri:0, instance:testCases.testCases@1a75e76a]" name="login_testCase16" class="testCases.testCases"/>
      </group> <!-- login -->
      <group name="register">
        <method signature="testCases.testCase01()[pri:0, instance:testCases.testCases@1a75e76a]" name="testCase01" class="testCases.testCases"/>
        <method signature="testCases.testCase04()[pri:0, instance:testCases.testCases@1a75e76a]" name="testCase04" class="testCases.testCases"/>
        <method signature="testCases.testCase05()[pri:0, instance:testCases.testCases@1a75e76a]" name="testCase05" class="testCases.testCases"/>
        <method signature="testCases.testCase06()[pri:0, instance:testCases.testCases@1a75e76a]" name="testCase06" class="testCases.testCases"/>
        <method signature="testCases.testCase07()[pri:0, instance:testCases.testCases@1a75e76a]" name="testCase07" class="testCases.testCases"/>
      </group> <!-- register -->
    </groups>
    <test started-at="2026-04-13T12:56:03 IST" name="TutorialNinjaTests" finished-at="2026-04-13T12:57:31 IST" duration-ms="88947">
      <class name="testCases.testCases">
        <test-method is-config="true" signature="invokeBrowser()[pri:0, instance:testCases.testCases@1a75e76a]" started-at="2026-04-13T12:55:54 IST" name="invokeBrowser" finished-at="2026-04-13T12:56:03 IST" duration-ms="8137" status="PASS">
          <reporter-output>
          </reporter-output>
        </test-method> <!-- invokeBrowser -->
        <test-method is-config="true" signature="resetToHomePage()[pri:0, instance:testCases.testCases@1a75e76a]" started-at="2026-04-13T12:56:03 IST" name="resetToHomePage" finished-at="2026-04-13T12:56:05 IST" duration-ms="1998" status="PASS">
          <reporter-output>
          </reporter-output>
        </test-method> <!-- resetToHomePage -->
        <test-method signature="login_testCase01()[pri:0, instance:testCases.testCases@1a75e76a]" started-at="2026-04-13T12:56:05 IST" name="login_testCase01" finished-at="2026-04-13T12:56:11 IST" duration-ms="5296" status="PASS">
          <reporter-output>
          </reporter-output>
        </test-method> <!-- login_testCase01 -->
        <test-method is-config="true" signature="resetToHomePage()[pri:0, instance:testCases.testCases@1a75e76a]" started-at="2026-04-13T12:56:11 IST" name="resetToHomePage" finished-at="2026-04-13T12:56:11 IST" duration-ms="403" status="PASS">
          <reporter-output>
          </reporter-output>
        </test-method> <!-- resetToHomePage -->
        <test-method signature="login_testCase02()[pri:0, instance:testCases.testCases@1a75e76a]" started-at="2026-04-13T12:56:11 IST" name="login_testCase02" finished-at="2026-04-13T12:56:44 IST" duration-ms="32587" status="FAIL">
          <exception class="org.openqa.selenium.NoSuchElementException">
            <message>
              <![CDATA[no such element: Unable to locate element: {"method":"xpath","selector":"//*[@class='alert alert-danger alert-dismissible']"}
  (Session info: chrome=145.0.7632.76)
For documentation on this error, please visit: https://www.selenium.dev/documentation/webdriver/troubleshooting/errors#no-such-element-exception
Build info: version: '4.22.0', revision: 'c5f3146703*'
System info: os.name: 'Windows 11', os.arch: 'amd64', os.version: '10.0', java.version: '17.0.6'
Driver info: org.openqa.selenium.chrome.ChromeDriver
Command: [084b8615841846be37368b243c9e2fbf, findElement {using=xpath, value=//*[@class='alert alert-danger alert-dismissible']}]
Capabilities {acceptInsecureCerts: false, browserName: chrome, browserVersion: 145.0.7632.76, chrome: {chromedriverVersion: 145.0.7632.117 (de4e5d6e13b..., userDataDir: C:\Users\2110883\AppData\Lo...}, fedcm:accounts: true, goog:chromeOptions: {debuggerAddress: localhost:53641}, goog:processID: 37384, networkConnectionEnabled: false, pageLoadStrategy: normal, platformName: windows, proxy: Proxy(), se:cdp: ws://localhost:53641/devtoo..., se:cdpVersion: 145.0.7632.76, setWindowRect: true, strictFileInteractability: false, timeouts: {implicit: 0, pageLoad: 300000, script: 30000}, unhandledPromptBehavior: dismiss and notify, webauthn:extension:credBlob: true, webauthn:extension:largeBlob: true, webauthn:extension:minPinLength: true, webauthn:extension:prf: true, webauthn:virtualAuthenticators: true}
Session ID: 084b8615841846be37368b243c9e2fbf]]>
            </message>
            <full-stacktrace>
              <![CDATA[org.openqa.selenium.NoSuchElementException: no such element: Unable to locate element: {"method":"xpath","selector":"//*[@class='alert alert-danger alert-dismissible']"}
  (Session info: chrome=145.0.7632.76)
For documentation on this error, please visit: https://www.selenium.dev/documentation/webdriver/troubleshooting/errors#no-such-element-exception
Build info: version: '4.22.0', revision: 'c5f3146703*'
System info: os.name: 'Windows 11', os.arch: 'amd64', os.version: '10.0', java.version: '17.0.6'
Driver info: org.openqa.selenium.chrome.ChromeDriver
Command: [084b8615841846be37368b243c9e2fbf, findElement {using=xpath, value=//*[@class='alert alert-danger alert-dismissible']}]
Capabilities {acceptInsecureCerts: false, browserName: chrome, browserVersion: 145.0.7632.76, chrome: {chromedriverVersion: 145.0.7632.117 (de4e5d6e13b..., userDataDir: C:\Users\2110883\AppData\Lo...}, fedcm:accounts: true, goog:chromeOptions: {debuggerAddress: localhost:53641}, goog:processID: 37384, networkConnectionEnabled: false, pageLoadStrategy: normal, platformName: windows, proxy: Proxy(), se:cdp: ws://localhost:53641/devtoo..., se:cdpVersion: 145.0.7632.76, setWindowRect: true, strictFileInteractability: false, timeouts: {implicit: 0, pageLoad: 300000, script: 30000}, unhandledPromptBehavior: dismiss and notify, webauthn:extension:credBlob: true, webauthn:extension:largeBlob: true, webauthn:extension:minPinLength: true, webauthn:extension:prf: true, webauthn:virtualAuthenticators: true}
Session ID: 084b8615841846be37368b243c9e2fbf
at java.base/jdk.internal.reflect.NativeConstructorAccessorImpl.newInstance0(Native Method)
at java.base/jdk.internal.reflect.NativeConstructorAccessorImpl.newInstance(NativeConstructorAccessorImpl.java:77)
at java.base/jdk.internal.reflect.DelegatingConstructorAccessorImpl.newInstance(DelegatingConstructorAccessorImpl.java:45)
at java.base/java.lang.reflect.Constructor.newInstanceWithCaller(Constructor.java:499)
at java.base/java.lang.reflect.Constructor.newInstance(Constructor.java:480)
at org.openqa.selenium.remote.ErrorCodec.decode(ErrorCodec.java:167)
at org.openqa.selenium.remote.codec.w3c.W3CHttpResponseCodec.decode(W3CHttpResponseCodec.java:138)
at org.openqa.selenium.remote.codec.w3c.W3CHttpResponseCodec.decode(W3CHttpResponseCodec.java:50)
at org.openqa.selenium.remote.HttpCommandExecutor.execute(HttpCommandExecutor.java:190)
at org.openqa.selenium.remote.service.DriverCommandExecutor.invokeExecute(DriverCommandExecutor.java:216)
at org.openqa.selenium.remote.service.DriverCommandExecutor.execute(DriverCommandExecutor.java:174)
at org.openqa.selenium.remote.RemoteWebDriver.execute(RemoteWebDriver.java:518)
at org.openqa.selenium.remote.ElementLocation$ElementFinder$2.findElement(ElementLocation.java:165)
at org.openqa.selenium.remote.ElementLocation.findElement(ElementLocation.java:59)
at org.openqa.selenium.remote.RemoteWebDriver.findElement(RemoteWebDriver.java:355)
at org.openqa.selenium.remote.RemoteWebDriver.findElement(RemoteWebDriver.java:349)
at pageObjects.store_loginPage.alertMessage_noMatchFound(store_loginPage.java:77)
at testCases.testCases.login_testCase02(testCases.java:140)
at java.base/jdk.internal.reflect.NativeMethodAccessorImpl.invoke0(Native Method)
at java.base/jdk.internal.reflect.NativeMethodAccessorImpl.invoke(NativeMethodAccessorImpl.java:77)
at java.base/jdk.internal.reflect.DelegatingMethodAccessorImpl.invoke(DelegatingMethodAccessorImpl.java:43)
at java.base/java.lang.reflect.Method.invoke(Method.java:568)
at org.testng.internal.invokers.MethodInvocationHelper.invokeMethod(MethodInvocationHelper.java:141)
at org.testng.internal.invokers.TestInvoker.invokeMethod(TestInvoker.java:686)
at org.testng.internal.invokers.TestInvoker.invokeTestMethod(TestInvoker.java:230)
at org.testng.internal.invokers.MethodRunner.runInSequence(MethodRunner.java:63)
at org.testng.internal.invokers.TestInvoker$MethodInvocationAgent.invoke(TestInvoker.java:992)
at org.testng.internal.invokers.TestInvoker.invokeTestMethods(TestInvoker.java:203)
at org.testng.internal.invokers.TestMethodWorker.invokeTestMethods(TestMethodWorker.java:154)
at org.testng.internal.invokers.TestMethodWorker.run(TestMethodWorker.java:134)
at java.base/java.util.ArrayList.forEach(ArrayList.java:1511)
at org.testng.TestRunner.privateRun(TestRunner.java:739)
at org.testng.TestRunner.run(TestRunner.java:614)
at org.testng.SuiteRunner.runTest(SuiteRunner.java:421)
at org.testng.SuiteRunner.runSequentially(SuiteRunner.java:413)
at org.testng.SuiteRunner.privateRun(SuiteRunner.java:373)
at org.testng.SuiteRunner.run(SuiteRunner.java:312)
at org.testng.SuiteRunnerWorker.runSuite(SuiteRunnerWorker.java:52)
at org.testng.SuiteRunnerWorker.run(SuiteRunnerWorker.java:95)
at org.testng.TestNG.runSuitesSequentially(TestNG.java:1274)
at org.testng.TestNG.runSuitesLocally(TestNG.java:1208)
at org.testng.TestNG.runSuites(TestNG.java:1112)
at org.testng.TestNG.run(TestNG.java:1079)
at org.testng.remote.AbstractRemoteTestNG.run(AbstractRemoteTestNG.java:115)
at org.testng.remote.RemoteTestNG.initAndRun(RemoteTestNG.java:293)
at org.testng.remote.RemoteTestNG.main(RemoteTestNG.java:91)
]]>
            </full-stacktrace>
          </exception> <!-- org.openqa.selenium.NoSuchElementException -->
          <reporter-output>
          </reporter-output>
        </test-method> <!-- login_testCase02 -->
        <test-method is-config="true" signature="resetToHomePage()[pri:0, instance:testCases.testCases@1a75e76a]" started-at="2026-04-13T12:56:44 IST" name="resetToHomePage" finished-at="2026-04-13T12:56:44 IST" duration-ms="432" status="PASS">
          <reporter-output>
          </reporter-output>
        </test-method> <!-- resetToHomePage -->
        <test-method signature="login_testCase05()[pri:0, instance:testCases.testCases@1a75e76a]" started-at="2026-04-13T12:56:44 IST" name="login_testCase05" finished-at="2026-04-13T12:56:47 IST" duration-ms="2172" status="PASS">
          <reporter-output>
          </reporter-output>
        </test-method> <!-- login_testCase05 -->
        <test-method is-config="true" signature="resetToHomePage()[pri:0, instance:testCases.testCases@1a75e76a]" started-at="2026-04-13T12:56:47 IST" name="resetToHomePage" finished-at="2026-04-13T12:56:47 IST" duration-ms="393" status="PASS">
          <reporter-output>
          </reporter-output>
        </test-method> <!-- resetToHomePage -->
        <test-method signature="login_testCase06()[pri:0, instance:testCases.testCases@1a75e76a]" started-at="2026-04-13T12:56:47 IST" name="login_testCase06" finished-at="2026-04-13T12:56:49 IST" duration-ms="2123" status="PASS">
          <reporter-output>
          </reporter-output>
        </test-method> <!-- login_testCase06 -->
        <test-method is-config="true" signature="resetToHomePage()[pri:0, instance:testCases.testCases@1a75e76a]" started-at="2026-04-13T12:56:49 IST" name="resetToHomePage" finished-at="2026-04-13T12:56:50 IST" duration-ms="536" status="PASS">
          <reporter-output>
          </reporter-output>
        </test-method> <!-- resetToHomePage -->
        <test-method signature="login_testCase10()[pri:0, instance:testCases.testCases@1a75e76a]" started-at="2026-04-13T12:56:50 IST" name="login_testCase10" finished-at="2026-04-13T12:56:53 IST" duration-ms="3082" status="FAIL">
          <exception class="org.openqa.selenium.StaleElementReferenceException">
            <message>
              <![CDATA[stale element reference: stale element not found
  (Session info: chrome=145.0.7632.76)
For documentation on this error, please visit: https://www.selenium.dev/documentation/webdriver/troubleshooting/errors#stale-element-reference-exception
Build info: version: '4.22.0', revision: 'c5f3146703*'
System info: os.name: 'Windows 11', os.arch: 'amd64', os.version: '10.0', java.version: '17.0.6'
Driver info: org.openqa.selenium.chrome.ChromeDriver
Command: [084b8615841846be37368b243c9e2fbf, isElementDisplayed {id=f.3F971B6C8572F2D05BE90F105F9FD475.d.B396A4D370852F3366AC01C9BBDCBFDE.e.299}]
Capabilities {acceptInsecureCerts: false, browserName: chrome, browserVersion: 145.0.7632.76, chrome: {chromedriverVersion: 145.0.7632.117 (de4e5d6e13b..., userDataDir: C:\Users\2110883\AppData\Lo...}, fedcm:accounts: true, goog:chromeOptions: {debuggerAddress: localhost:53641}, goog:processID: 37384, networkConnectionEnabled: false, pageLoadStrategy: normal, platformName: windows, proxy: Proxy(), se:cdp: ws://localhost:53641/devtoo..., se:cdpVersion: 145.0.7632.76, setWindowRect: true, strictFileInteractability: false, timeouts: {implicit: 0, pageLoad: 300000, script: 30000}, unhandledPromptBehavior: dismiss and notify, webauthn:extension:credBlob: true, webauthn:extension:largeBlob: true, webauthn:extension:minPinLength: true, webauthn:extension:prf: true, webauthn:virtualAuthenticators: true}
Element: [[ChromeDriver: chrome on windows (084b8615841846be37368b243c9e2fbf)] -> link text: Qafox.com]
Session ID: 084b8615841846be37368b243c9e2fbf]]>
            </message>
            <full-stacktrace>
              <![CDATA[org.openqa.selenium.StaleElementReferenceException: stale element reference: stale element not found
  (Session info: chrome=145.0.7632.76)
For documentation on this error, please visit: https://www.selenium.dev/documentation/webdriver/troubleshooting/errors#stale-element-reference-exception
Build info: version: '4.22.0', revision: 'c5f3146703*'
System info: os.name: 'Windows 11', os.arch: 'amd64', os.version: '10.0', java.version: '17.0.6'
Driver info: org.openqa.selenium.chrome.ChromeDriver
Command: [084b8615841846be37368b243c9e2fbf, isElementDisplayed {id=f.3F971B6C8572F2D05BE90F105F9FD475.d.B396A4D370852F3366AC01C9BBDCBFDE.e.299}]
Capabilities {acceptInsecureCerts: false, browserName: chrome, browserVersion: 145.0.7632.76, chrome: {chromedriverVersion: 145.0.7632.117 (de4e5d6e13b..., userDataDir: C:\Users\2110883\AppData\Lo...}, fedcm:accounts: true, goog:chromeOptions: {debuggerAddress: localhost:53641}, goog:processID: 37384, networkConnectionEnabled: false, pageLoadStrategy: normal, platformName: windows, proxy: Proxy(), se:cdp: ws://localhost:53641/devtoo..., se:cdpVersion: 145.0.7632.76, setWindowRect: true, strictFileInteractability: false, timeouts: {implicit: 0, pageLoad: 300000, script: 30000}, unhandledPromptBehavior: dismiss and notify, webauthn:extension:credBlob: true, webauthn:extension:largeBlob: true, webauthn:extension:minPinLength: true, webauthn:extension:prf: true, webauthn:virtualAuthenticators: true}
Element: [[ChromeDriver: chrome on windows (084b8615841846be37368b243c9e2fbf)] -> link text: Qafox.com]
Session ID: 084b8615841846be37368b243c9e2fbf
at java.base/jdk.internal.reflect.NativeConstructorAccessorImpl.newInstance0(Native Method)
at java.base/jdk.internal.reflect.NativeConstructorAccessorImpl.newInstance(NativeConstructorAccessorImpl.java:77)
at java.base/jdk.internal.reflect.DelegatingConstructorAccessorImpl.newInstance(DelegatingConstructorAccessorImpl.java:45)
at java.base/java.lang.reflect.Constructor.newInstanceWithCaller(Constructor.java:499)
at java.base/java.lang.reflect.Constructor.newInstance(Constructor.java:480)
at org.openqa.selenium.remote.ErrorCodec.decode(ErrorCodec.java:167)
at org.openqa.selenium.remote.codec.w3c.W3CHttpResponseCodec.decode(W3CHttpResponseCodec.java:138)
at org.openqa.selenium.remote.codec.w3c.W3CHttpResponseCodec.decode(W3CHttpResponseCodec.java:50)
at org.openqa.selenium.remote.HttpCommandExecutor.execute(HttpCommandExecutor.java:190)
at org.openqa.selenium.remote.service.DriverCommandExecutor.invokeExecute(DriverCommandExecutor.java:216)
at org.openqa.selenium.remote.service.DriverCommandExecutor.execute(DriverCommandExecutor.java:174)
at org.openqa.selenium.remote.RemoteWebDriver.execute(RemoteWebDriver.java:518)
at org.openqa.selenium.remote.RemoteWebElement.execute(RemoteWebElement.java:223)
at org.openqa.selenium.remote.RemoteWebElement.isDisplayed(RemoteWebElement.java:282)
at org.openqa.selenium.support.ui.ExpectedConditions.elementIfVisible(ExpectedConditions.java:304)
at org.openqa.selenium.support.ui.ExpectedConditions$10.apply(ExpectedConditions.java:290)
at org.openqa.selenium.support.ui.ExpectedConditions$10.apply(ExpectedConditions.java:287)
at org.openqa.selenium.support.ui.FluentWait.until(FluentWait.java:203)
at pageObjects.customer_accountHomePage.validateAccountPage(customer_accountHomePage.java:30)
at testCases.testCases.login_testCase10(testCases.java:172)
at java.base/jdk.internal.reflect.NativeMethodAccessorImpl.invoke0(Native Method)
at java.base/jdk.internal.reflect.NativeMethodAccessorImpl.invoke(NativeMethodAccessorImpl.java:77)
at java.base/jdk.internal.reflect.DelegatingMethodAccessorImpl.invoke(DelegatingMethodAccessorImpl.java:43)
at java.base/java.lang.reflect.Method.invoke(Method.java:568)
at org.testng.internal.invokers.MethodInvocationHelper.invokeMethod(MethodInvocationHelper.java:141)
at org.testng.internal.invokers.TestInvoker.invokeMethod(TestInvoker.java:686)
at org.testng.internal.invokers.TestInvoker.invokeTestMethod(TestInvoker.java:230)
at org.testng.internal.invokers.MethodRunner.runInSequence(MethodRunner.java:63)
at org.testng.internal.invokers.TestInvoker$MethodInvocationAgent.invoke(TestInvoker.java:992)
at org.testng.internal.invokers.TestInvoker.invokeTestMethods(TestInvoker.java:203)
at org.testng.internal.invokers.TestMethodWorker.invokeTestMethods(TestMethodWorker.java:154)
at org.testng.internal.invokers.TestMethodWorker.run(TestMethodWorker.java:134)
at java.base/java.util.ArrayList.forEach(ArrayList.java:1511)
at org.testng.TestRunner.privateRun(TestRunner.java:739)
at org.testng.TestRunner.run(TestRunner.java:614)
at org.testng.SuiteRunner.runTest(SuiteRunner.java:421)
at org.testng.SuiteRunner.runSequentially(SuiteRunner.java:413)
at org.testng.SuiteRunner.privateRun(SuiteRunner.java:373)
at org.testng.SuiteRunner.run(SuiteRunner.java:312)
at org.testng.SuiteRunnerWorker.runSuite(SuiteRunnerWorker.java:52)
at org.testng.SuiteRunnerWorker.run(SuiteRunnerWorker.java:95)
at org.testng.TestNG.runSuitesSequentially(TestNG.java:1274)
at org.testng.TestNG.runSuitesLocally(TestNG.java:1208)
at org.testng.TestNG.runSuites(TestNG.java:1112)
at org.testng.TestNG.run(TestNG.java:1079)
at org.testng.remote.AbstractRemoteTestNG.run(AbstractRemoteTestNG.java:115)
at org.testng.remote.RemoteTestNG.initAndRun(RemoteTestNG.java:293)
at org.testng.remote.RemoteTestNG.main(RemoteTestNG.java:91)
]]>
            </full-stacktrace>
          </exception> <!-- org.openqa.selenium.StaleElementReferenceException -->
          <reporter-output>
          </reporter-output>
        </test-method> <!-- login_testCase10 -->
        <test-method is-config="true" signature="resetToHomePage()[pri:0, instance:testCases.testCases@1a75e76a]" started-at="2026-04-13T12:56:53 IST" name="resetToHomePage" finished-at="2026-04-13T12:56:53 IST" duration-ms="417" status="PASS">
          <reporter-output>
          </reporter-output>
        </test-method> <!-- resetToHomePage -->
        <test-method signature="login_testCase16()[pri:0, instance:testCases.testCases@1a75e76a]" started-at="2026-04-13T12:56:53 IST" name="login_testCase16" finished-at="2026-04-13T12:57:02 IST" duration-ms="8901" status="PASS">
          <reporter-output>
          </reporter-output>
        </test-method> <!-- login_testCase16 -->
        <test-method is-config="true" signature="resetToHomePage()[pri:0, instance:testCases.testCases@1a75e76a]" started-at="2026-04-13T12:57:02 IST" name="resetToHomePage" finished-at="2026-04-13T12:57:03 IST" duration-ms="471" status="PASS">
          <reporter-output>
          </reporter-output>
        </test-method> <!-- resetToHomePage -->
        <test-method signature="logout_testCase01()[pri:0, instance:testCases.testCases@1a75e76a]" started-at="2026-04-13T12:57:03 IST" name="logout_testCase01" finished-at="2026-04-13T12:57:06 IST" duration-ms="3742" status="PASS">
          <reporter-output>
          </reporter-output>
        </test-method> <!-- logout_testCase01 -->
        <test-method is-config="true" signature="resetToHomePage()[pri:0, instance:testCases.testCases@1a75e76a]" started-at="2026-04-13T12:57:06 IST" name="resetToHomePage" finished-at="2026-04-13T12:57:07 IST" duration-ms="410" status="PASS">
          <reporter-output>
          </reporter-output>
        </test-method> <!-- resetToHomePage -->
        <test-method signature="logout_testCase02()[pri:0, instance:testCases.testCases@1a75e76a]" started-at="2026-04-13T12:57:07 IST" name="logout_testCase02" finished-at="2026-04-13T12:57:11 IST" duration-ms="4525" status="PASS">
          <reporter-output>
          </reporter-output>
        </test-method> <!-- logout_testCase02 -->
        <test-method is-config="true" signature="resetToHomePage()[pri:0, instance:testCases.testCases@1a75e76a]" started-at="2026-04-13T12:57:11 IST" name="resetToHomePage" finished-at="2026-04-13T12:57:12 IST" duration-ms="453" status="PASS">
          <reporter-output>
          </reporter-output>
        </test-method> <!-- resetToHomePage -->
        <test-method signature="logout_testCase03()[pri:0, instance:testCases.testCases@1a75e76a]" started-at="2026-04-13T12:57:12 IST" name="logout_testCase03" finished-at="2026-04-13T12:57:15 IST" duration-ms="2776" status="PASS">
          <reporter-output>
          </reporter-output>
        </test-method> <!-- logout_testCase03 -->
        <test-method is-config="true" signature="resetToHomePage()[pri:0, instance:testCases.testCases@1a75e76a]" started-at="2026-04-13T12:57:15 IST" name="resetToHomePage" finished-at="2026-04-13T12:57:15 IST" duration-ms="446" status="PASS">
          <reporter-output>
          </reporter-output>
        </test-method> <!-- resetToHomePage -->
        <test-method signature="logout_testCase04()[pri:0, instance:testCases.testCases@1a75e76a]" started-at="2026-04-13T12:57:15 IST" name="logout_testCase04" finished-at="2026-04-13T12:57:18 IST" duration-ms="3093" status="PASS">
          <reporter-output>
          </reporter-output>
        </test-method> <!-- logout_testCase04 -->
        <test-method is-config="true" signature="resetToHomePage()[pri:0, instance:testCases.testCases@1a75e76a]" started-at="2026-04-13T12:57:18 IST" name="resetToHomePage" finished-at="2026-04-13T12:57:19 IST" duration-ms="465" status="PASS">
          <reporter-output>
          </reporter-output>
        </test-method> <!-- resetToHomePage -->
        <test-method signature="testCase01()[pri:0, instance:testCases.testCases@1a75e76a]" started-at="2026-04-13T12:57:19 IST" name="testCase01" finished-at="2026-04-13T12:57:24 IST" duration-ms="4900" status="PASS">
          <reporter-output>
          </reporter-output>
        </test-method> <!-- testCase01 -->
        <test-method is-config="true" signature="resetToHomePage()[pri:0, instance:testCases.testCases@1a75e76a]" started-at="2026-04-13T12:57:24 IST" name="resetToHomePage" finished-at="2026-04-13T12:57:24 IST" duration-ms="395" status="PASS">
          <reporter-output>
          </reporter-output>
        </test-method> <!-- resetToHomePage -->
        <test-method signature="testCase04()[pri:0, instance:testCases.testCases@1a75e76a]" started-at="2026-04-13T12:57:24 IST" name="testCase04" finished-at="2026-04-13T12:57:25 IST" duration-ms="1307" status="PASS">
          <reporter-output>
          </reporter-output>
        </test-method> <!-- testCase04 -->
        <test-method is-config="true" signature="resetToHomePage()[pri:0, instance:testCases.testCases@1a75e76a]" started-at="2026-04-13T12:57:25 IST" name="resetToHomePage" finished-at="2026-04-13T12:57:26 IST" duration-ms="336" status="PASS">
          <reporter-output>
          </reporter-output>
        </test-method> <!-- resetToHomePage -->
        <test-method signature="testCase05()[pri:0, instance:testCases.testCases@1a75e76a]" started-at="2026-04-13T12:57:26 IST" name="testCase05" finished-at="2026-04-13T12:57:27 IST" duration-ms="1118" status="FAIL">
          <exception class="java.lang.NullPointerException">
            <message>
              <![CDATA[Cannot invoke "java.lang.Integer.intValue()" because the return value of "java.util.Map.get(Object)" is null]]>
            </message>
            <full-stacktrace>
              <![CDATA[java.lang.NullPointerException: Cannot invoke "java.lang.Integer.intValue()" because the return value of "java.util.Map.get(Object)" is null
at utilities.XLutility.inputUserData(XLutility.java:123)
at testCases.testCases.testCase05(testCases.java:72)
at java.base/jdk.internal.reflect.NativeMethodAccessorImpl.invoke0(Native Method)
at java.base/jdk.internal.reflect.NativeMethodAccessorImpl.invoke(NativeMethodAccessorImpl.java:77)
at java.base/jdk.internal.reflect.DelegatingMethodAccessorImpl.invoke(DelegatingMethodAccessorImpl.java:43)
at java.base/java.lang.reflect.Method.invoke(Method.java:568)
at org.testng.internal.invokers.MethodInvocationHelper.invokeMethod(MethodInvocationHelper.java:141)
at org.testng.internal.invokers.TestInvoker.invokeMethod(TestInvoker.java:686)
at org.testng.internal.invokers.TestInvoker.invokeTestMethod(TestInvoker.java:230)
at org.testng.internal.invokers.MethodRunner.runInSequence(MethodRunner.java:63)
at org.testng.internal.invokers.TestInvoker$MethodInvocationAgent.invoke(TestInvoker.java:992)
at org.testng.internal.invokers.TestInvoker.invokeTestMethods(TestInvoker.java:203)
at org.testng.internal.invokers.TestMethodWorker.invokeTestMethods(TestMethodWorker.java:154)
at org.testng.internal.invokers.TestMethodWorker.run(TestMethodWorker.java:134)
at java.base/java.util.ArrayList.forEach(ArrayList.java:1511)
at org.testng.TestRunner.privateRun(TestRunner.java:739)
at org.testng.TestRunner.run(TestRunner.java:614)
at org.testng.SuiteRunner.runTest(SuiteRunner.java:421)
at org.testng.SuiteRunner.runSequentially(SuiteRunner.java:413)
at org.testng.SuiteRunner.privateRun(SuiteRunner.java:373)
at org.testng.SuiteRunner.run(SuiteRunner.java:312)
at org.testng.SuiteRunnerWorker.runSuite(SuiteRunnerWorker.java:52)
at org.testng.SuiteRunnerWorker.run(SuiteRunnerWorker.java:95)
at org.testng.TestNG.runSuitesSequentially(TestNG.java:1274)
at org.testng.TestNG.runSuitesLocally(TestNG.java:1208)
at org.testng.TestNG.runSuites(TestNG.java:1112)
at org.testng.TestNG.run(TestNG.java:1079)
at org.testng.remote.AbstractRemoteTestNG.run(AbstractRemoteTestNG.java:115)
at org.testng.remote.RemoteTestNG.initAndRun(RemoteTestNG.java:293)
at org.testng.remote.RemoteTestNG.main(RemoteTestNG.java:91)
]]>
            </full-stacktrace>
          </exception> <!-- java.lang.NullPointerException -->
          <reporter-output>
          </reporter-output>
        </test-method> <!-- testCase05 -->
        <test-method is-config="true" signature="resetToHomePage()[pri:0, instance:testCases.testCases@1a75e76a]" started-at="2026-04-13T12:57:27 IST" name="resetToHomePage" finished-at="2026-04-13T12:57:27 IST" duration-ms="344" status="PASS">
          <reporter-output>
          </reporter-output>
        </test-method> <!-- resetToHomePage -->
        <test-method signature="testCase06()[pri:0, instance:testCases.testCases@1a75e76a]" started-at="2026-04-13T12:57:27 IST" name="testCase06" finished-at="2026-04-13T12:57:28 IST" duration-ms="935" status="FAIL">
          <exception class="java.lang.NullPointerException">
            <message>
              <![CDATA[Cannot invoke "java.lang.Integer.intValue()" because the return value of "java.util.Map.get(Object)" is null]]>
            </message>
            <full-stacktrace>
              <![CDATA[java.lang.NullPointerException: Cannot invoke "java.lang.Integer.intValue()" because the return value of "java.util.Map.get(Object)" is null
at utilities.XLutility.inputUserData(XLutility.java:123)
at testCases.testCases.testCase06(testCases.java:89)
at java.base/jdk.internal.reflect.NativeMethodAccessorImpl.invoke0(Native Method)
at java.base/jdk.internal.reflect.NativeMethodAccessorImpl.invoke(NativeMethodAccessorImpl.java:77)
at java.base/jdk.internal.reflect.DelegatingMethodAccessorImpl.invoke(DelegatingMethodAccessorImpl.java:43)
at java.base/java.lang.reflect.Method.invoke(Method.java:568)
at org.testng.internal.invokers.MethodInvocationHelper.invokeMethod(MethodInvocationHelper.java:141)
at org.testng.internal.invokers.TestInvoker.invokeMethod(TestInvoker.java:686)
at org.testng.internal.invokers.TestInvoker.invokeTestMethod(TestInvoker.java:230)
at org.testng.internal.invokers.MethodRunner.runInSequence(MethodRunner.java:63)
at org.testng.internal.invokers.TestInvoker$MethodInvocationAgent.invoke(TestInvoker.java:992)
at org.testng.internal.invokers.TestInvoker.invokeTestMethods(TestInvoker.java:203)
at org.testng.internal.invokers.TestMethodWorker.invokeTestMethods(TestMethodWorker.java:154)
at org.testng.internal.invokers.TestMethodWorker.run(TestMethodWorker.java:134)
at java.base/java.util.ArrayList.forEach(ArrayList.java:1511)
at org.testng.TestRunner.privateRun(TestRunner.java:739)
at org.testng.TestRunner.run(TestRunner.java:614)
at org.testng.SuiteRunner.runTest(SuiteRunner.java:421)
at org.testng.SuiteRunner.runSequentially(SuiteRunner.java:413)
at org.testng.SuiteRunner.privateRun(SuiteRunner.java:373)
at org.testng.SuiteRunner.run(SuiteRunner.java:312)
at org.testng.SuiteRunnerWorker.runSuite(SuiteRunnerWorker.java:52)
at org.testng.SuiteRunnerWorker.run(SuiteRunnerWorker.java:95)
at org.testng.TestNG.runSuitesSequentially(TestNG.java:1274)
at org.testng.TestNG.runSuitesLocally(TestNG.java:1208)
at org.testng.TestNG.runSuites(TestNG.java:1112)
at org.testng.TestNG.run(TestNG.java:1079)
at org.testng.remote.AbstractRemoteTestNG.run(AbstractRemoteTestNG.java:115)
at org.testng.remote.RemoteTestNG.initAndRun(RemoteTestNG.java:293)
at org.testng.remote.RemoteTestNG.main(RemoteTestNG.java:91)
]]>
            </full-stacktrace>
          </exception> <!-- java.lang.NullPointerException -->
          <reporter-output>
          </reporter-output>
        </test-method> <!-- testCase06 -->
        <test-method is-config="true" signature="resetToHomePage()[pri:0, instance:testCases.testCases@1a75e76a]" started-at="2026-04-13T12:57:28 IST" name="resetToHomePage" finished-at="2026-04-13T12:57:29 IST" duration-ms="385" status="PASS">
          <reporter-output>
          </reporter-output>
        </test-method> <!-- resetToHomePage -->
        <test-method signature="testCase07()[pri:0, instance:testCases.testCases@1a75e76a]" started-at="2026-04-13T12:57:29 IST" name="testCase07" finished-at="2026-04-13T12:57:31 IST" duration-ms="2773" status="PASS">
          <reporter-output>
          </reporter-output>
        </test-method> <!-- testCase07 -->
        <test-method is-config="true" signature="closeBroser()[pri:0, instance:testCases.testCases@1a75e76a]" started-at="2026-04-13T12:57:33 IST" name="closeBroser" finished-at="2026-04-13T12:57:39 IST" duration-ms="5878" status="PASS">
          <reporter-output>
          </reporter-output>
        </test-method> <!-- closeBroser -->
      </class> <!-- testCases.testCases -->
    </test> <!-- TutorialNinjaTests -->
  </suite> <!-- AutomationSuite -->
</testng-results>
