<?xml version="1.0" encoding="UTF-8"?>
<testng-results ignored="0" total="1" passed="1" failed="0" skipped="0">
  <reporter-output>
  </reporter-output>
  <suite started-at="2026-01-03T18:50:54 IST" name="Default suite" finished-at="2026-01-03T18:51:00 IST" duration-ms="6161">
    <groups>
      <group name="register">
        <method signature="testCases.testCase04()[pri:0, instance:testCases.testCases@3c9754d8]" name="testCase04" class="testCases.testCases"/>
      </group> <!-- register -->
    </groups>
    <test started-at="2026-01-03T18:50:54 IST" name="Default test" finished-at="2026-01-03T18:51:00 IST" duration-ms="6161">
      <class name="testCases.testCases">
        <test-method is-config="true" signature="invokeBrowser()[pri:0, instance:testCases.testCases@3c9754d8]" started-at="2026-01-03T18:50:36 IST" name="invokeBrowser" finished-at="2026-01-03T18:50:54 IST" duration-ms="17400" status="PASS">
          <reporter-output>
          </reporter-output>
        </test-method> <!-- invokeBrowser -->
        <test-method is-config="true" signature="resetToHomePage()[pri:0, instance:testCases.testCases@3c9754d8]" started-at="2026-01-03T18:50:54 IST" name="resetToHomePage" finished-at="2026-01-03T18:50:58 IST" duration-ms="3568" status="PASS">
          <reporter-output>
          </reporter-output>
        </test-method> <!-- resetToHomePage -->
        <test-method signature="testCase04()[pri:0, instance:testCases.testCases@3c9754d8]" started-at="2026-01-03T18:50:58 IST" name="testCase04" finished-at="2026-01-03T18:51:00 IST" duration-ms="1886" status="PASS">
          <reporter-output>
          </reporter-output>
        </test-method> <!-- testCase04 -->
        <test-method is-config="true" signature="closeBroser()[pri:0, instance:testCases.testCases@3c9754d8]" started-at="2026-01-03T18:51:01 IST" name="closeBroser" finished-at="2026-01-03T18:51:01 IST" duration-ms="669" status="PASS">
          <reporter-output>
          </reporter-output>
        </test-method> <!-- closeBroser -->
      </class> <!-- testCases.testCases -->
    </test> <!-- Default test -->
  </suite> <!-- Default suite -->
</testng-results>
