<?xml version="1.0" encoding="UTF-8"?>
<testng-results ignored="0" total="1" passed="1" failed="0" skipped="0">
  <reporter-output>
  </reporter-output>
  <suite started-at="2026-01-04T21:06:06 IST" name="Default suite" finished-at="2026-01-04T21:06:16 IST" duration-ms="9538">
    <groups>
      <group name="register">
        <method signature="testCases.testCase01()[pri:0, instance:testCases.testCases@4e08711f]" name="testCase01" class="testCases.testCases"/>
      </group> <!-- register -->
    </groups>
    <test started-at="2026-01-04T21:06:06 IST" name="Default test" finished-at="2026-01-04T21:06:16 IST" duration-ms="9538">
      <class name="testCases.testCases">
        <test-method is-config="true" signature="invokeBrowser()[pri:0, instance:testCases.testCases@4e08711f]" started-at="2026-01-04T21:06:03 IST" name="invokeBrowser" finished-at="2026-01-04T21:06:06 IST" duration-ms="3548" status="PASS">
          <reporter-output>
          </reporter-output>
        </test-method> <!-- invokeBrowser -->
        <test-method is-config="true" signature="resetToHomePage()[pri:0, instance:testCases.testCases@4e08711f]" started-at="2026-01-04T21:06:07 IST" name="resetToHomePage" finished-at="2026-01-04T21:06:10 IST" duration-ms="3280" status="PASS">
          <reporter-output>
          </reporter-output>
        </test-method> <!-- resetToHomePage -->
        <test-method signature="testCase01()[pri:0, instance:testCases.testCases@4e08711f]" started-at="2026-01-04T21:06:10 IST" name="testCase01" finished-at="2026-01-04T21:06:16 IST" duration-ms="5639" status="PASS">
          <reporter-output>
          </reporter-output>
        </test-method> <!-- testCase01 -->
        <test-method is-config="true" signature="closeBroser()[pri:0, instance:testCases.testCases@4e08711f]" started-at="2026-01-04T21:06:17 IST" name="closeBroser" finished-at="2026-01-04T21:06:17 IST" duration-ms="498" status="PASS">
          <reporter-output>
          </reporter-output>
        </test-method> <!-- closeBroser -->
      </class> <!-- testCases.testCases -->
    </test> <!-- Default test -->
  </suite> <!-- Default suite -->
</testng-results>
