<?xml version="1.0" encoding="UTF-8"?>
<testng-results ignored="0" total="1" passed="1" failed="0" skipped="0">
  <reporter-output>
  </reporter-output>
  <suite started-at="2026-01-03T22:02:46 IST" name="Default suite" finished-at="2026-01-03T22:02:52 IST" duration-ms="5781">
    <groups>
      <group name="register">
        <method signature="testCases.testCase04()[pri:0, instance:testCases.testCases@4e08711f]" name="testCase04" class="testCases.testCases"/>
      </group> <!-- register -->
    </groups>
    <test started-at="2026-01-03T22:02:46 IST" name="Default test" finished-at="2026-01-03T22:02:52 IST" duration-ms="5781">
      <class name="testCases.testCases">
        <test-method is-config="true" signature="invokeBrowser()[pri:0, instance:testCases.testCases@4e08711f]" started-at="2026-01-03T22:02:43 IST" name="invokeBrowser" finished-at="2026-01-03T22:02:46 IST" duration-ms="3299" status="PASS">
          <reporter-output>
          </reporter-output>
        </test-method> <!-- invokeBrowser -->
        <test-method is-config="true" signature="resetToHomePage()[pri:0, instance:testCases.testCases@4e08711f]" started-at="2026-01-03T22:02:46 IST" name="resetToHomePage" finished-at="2026-01-03T22:02:49 IST" duration-ms="2928" status="PASS">
          <reporter-output>
          </reporter-output>
        </test-method> <!-- resetToHomePage -->
        <test-method signature="testCase04()[pri:0, instance:testCases.testCases@4e08711f]" started-at="2026-01-03T22:02:49 IST" name="testCase04" finished-at="2026-01-03T22:02:52 IST" duration-ms="2215" status="PASS">
          <reporter-output>
          </reporter-output>
        </test-method> <!-- testCase04 -->
        <test-method is-config="true" signature="closeBroser()[pri:0, instance:testCases.testCases@4e08711f]" started-at="2026-01-03T22:02:52 IST" name="closeBroser" finished-at="2026-01-03T22:02:53 IST" duration-ms="361" status="PASS">
          <reporter-output>
          </reporter-output>
        </test-method> <!-- closeBroser -->
      </class> <!-- testCases.testCases -->
    </test> <!-- Default test -->
  </suite> <!-- Default suite -->
</testng-results>
