<?xml version="1.0" encoding="UTF-8"?>
<!-- Generated by org.testng.reporters.JUnitXMLReporter -->
<testsuite ignored="14" hostname="DESKTOP-SI4EFDS" failures="0" tests="1" name="Default test" time="6.161" errors="0" timestamp="2026-01-03T18:51:00 IST">
  <testcase classname="testCases.testCases" name="testCase04" time="1.886"/>
  <testcase classname="testCases.testCases" name="testCase01" time="0.0">
    <ignored/>
  </testcase> <!-- testCase01 -->
  <testcase classname="testCases.testCases" name="testCase05" time="0.0">
    <ignored/>
  </testcase> <!-- testCase05 -->
  <testcase classname="testCases.testCases" name="login_testCase06" time="0.0">
    <ignored/>
  </testcase> <!-- login_testCase06 -->
  <testcase classname="testCases.testCases" name="login_testCase01" time="0.0">
    <ignored/>
  </testcase> <!-- login_testCase01 -->
  <testcase classname="testCases.testCases" name="login_testCase02" time="0.0">
    <ignored/>
  </testcase> <!-- login_testCase02 -->
  <testcase classname="testCases.testCases" name="login_testCase10" time="0.0">
    <ignored/>
  </testcase> <!-- login_testCase10 -->
  <testcase classname="testCases.testCases" name="login_testCase16" time="0.0">
    <ignored/>
  </testcase> <!-- login_testCase16 -->
  <testcase classname="testCases.testCases" name="login_testCase05" time="0.0">
    <ignored/>
  </testcase> <!-- login_testCase05 -->
  <testcase classname="testCases.testCases" name="logout_testCase03" time="0.0">
    <ignored/>
  </testcase> <!-- logout_testCase03 -->
  <testcase classname="testCases.testCases" name="logout_testCase04" time="0.0">
    <ignored/>
  </testcase> <!-- logout_testCase04 -->
  <testcase classname="testCases.testCases" name="testCase06" time="0.0">
    <ignored/>
  </testcase> <!-- testCase06 -->
  <testcase classname="testCases.testCases" name="testCase07" time="0.0">
    <ignored/>
  </testcase> <!-- testCase07 -->
  <testcase classname="testCases.testCases" name="logout_testCase01" time="0.0">
    <ignored/>
  </testcase> <!-- logout_testCase01 -->
  <testcase classname="testCases.testCases" name="logout_testCase02" time="0.0">
    <ignored/>
  </testcase> <!-- logout_testCase02 -->
</testsuite> <!-- Default test -->
